0 info it worked if it ends with ok
1 verbose cli [ 'C:\\Program Files\\nodejs\\\\node.exe',
1 verbose cli   'C:\\Program Files\\nodejs\\node_modules\\npm\\bin\\npm-cli.js',
1 verbose cli   'publish' ]
2 info using npm@1.4.28
3 info using node@v0.10.33
4 verbose node symlink C:\Program Files\nodejs\\node.exe
5 verbose publish [ '.' ]
6 verbose cache add [ '.', null ]
7 verbose cache add name=undefined spec="." args=[".",null]
8 verbose parsed url { protocol: null,
8 verbose parsed url   slashes: null,
8 verbose parsed url   auth: null,
8 verbose parsed url   host: null,
8 verbose parsed url   port: null,
8 verbose parsed url   hostname: null,
8 verbose parsed url   hash: null,
8 verbose parsed url   search: null,
8 verbose parsed url   query: null,
8 verbose parsed url   pathname: '.',
8 verbose parsed url   path: '.',
8 verbose parsed url   href: '.' }
9 silly lockFile 3a52ce78- .
10 verbose lock . C:\Users\Dragosh\AppData\Roaming\npm-cache\3a52ce78-.lock
11 verbose tar pack [ 'C:\\Users\\Dragosh\\AppData\\Roaming\\npm-cache\\craft-flower\\1.0.0\\package.tgz',
11 verbose tar pack   '.' ]
12 verbose tarball C:\Users\Dragosh\AppData\Roaming\npm-cache\craft-flower\1.0.0\package.tgz
13 verbose folder .
14 info prepublish craft-flower@1.0.0
15 silly lockFile 1f1177db-tar tar://.
16 verbose lock tar://. C:\Users\Dragosh\AppData\Roaming\npm-cache\1f1177db-tar.lock
17 silly lockFile d9a465be-e-craft-flower-1-0-0-package-tgz tar://C:\Users\Dragosh\AppData\Roaming\npm-cache\craft-flower\1.0.0\package.tgz
18 verbose lock tar://C:\Users\Dragosh\AppData\Roaming\npm-cache\craft-flower\1.0.0\package.tgz C:\Users\Dragosh\AppData\Roaming\npm-cache\d9a465be-e-craft-flower-1-0-0-package-tgz.lock
19 silly lockFile 1f1177db-tar tar://.
20 silly lockFile 1f1177db-tar tar://.
21 silly lockFile d9a465be-e-craft-flower-1-0-0-package-tgz tar://C:\Users\Dragosh\AppData\Roaming\npm-cache\craft-flower\1.0.0\package.tgz
22 silly lockFile d9a465be-e-craft-flower-1-0-0-package-tgz tar://C:\Users\Dragosh\AppData\Roaming\npm-cache\craft-flower\1.0.0\package.tgz
23 silly lockFile 3fb9e87b-cache-craft-flower-1-0-0-package C:\Users\Dragosh\AppData\Roaming\npm-cache\craft-flower\1.0.0\package
24 verbose lock C:\Users\Dragosh\AppData\Roaming\npm-cache\craft-flower\1.0.0\package C:\Users\Dragosh\AppData\Roaming\npm-cache\3fb9e87b-cache-craft-flower-1-0-0-package.lock
25 silly lockFile 3fb9e87b-cache-craft-flower-1-0-0-package C:\Users\Dragosh\AppData\Roaming\npm-cache\craft-flower\1.0.0\package
26 silly lockFile 3fb9e87b-cache-craft-flower-1-0-0-package C:\Users\Dragosh\AppData\Roaming\npm-cache\craft-flower\1.0.0\package
27 silly lockFile 3a52ce78- .
28 silly lockFile 3a52ce78- .
29 silly publish { name: 'craft-flower',
29 silly publish   version: '1.0.0',
29 silly publish   description: 'Flower',
29 silly publish   main: 'index.js',
29 silly publish   scripts: { test: 'echo "Error: no test specified" && exit 1' },
29 silly publish   repository: { type: 'git', url: 'https://github.com/dria7226/craft-flower' },
29 silly publish   keywords: [ 'flower' ],
29 silly publish   author: { name: 'Dragos Iarovoi' },
29 silly publish   license: 'ISC',
29 silly publish   bugs: { url: 'https://github.com/dria7226/craft-flower/issues' },
29 silly publish   homepage: 'https://github.com/dria7226/craft-flower',
29 silly publish   readme: '# craft-flower\nFlower.\n\n#Install\n\'$ npm install craft-flower\'\n\n#Example\n\'\'\'html\n<craft>\n\t<craft name="flower" module="craft-flower">\n\t<flower numberOfPetals="15"></flower>\n</craft>\n\'\'\'\n\n![example]example.png\n',
29 silly publish   readmeFilename: 'README.md',
29 silly publish   gitHead: '16e617f33d01028458ef999eee1fa7755ca7955f',
29 silly publish   _id: 'craft-flower@1.0.0',
29 silly publish   _shasum: 'ae47624f456d1a12de13a9a982faf5fee6315080',
29 silly publish   _from: '.' }
30 verbose request where is /craft-flower
31 verbose request registry https://registry.npmjs.org/
32 verbose request id aa01b5b9191d1b73
33 verbose url raw /craft-flower
34 verbose url resolving [ 'https://registry.npmjs.org/', './craft-flower' ]
35 verbose url resolved https://registry.npmjs.org/craft-flower
36 verbose request where is https://registry.npmjs.org/craft-flower
37 info trying registry request attempt 1 at 16:39:27
38 http PUT https://registry.npmjs.org/craft-flower
39 http 403 https://registry.npmjs.org/craft-flower
40 verbose headers { date: 'Fri, 06 Feb 2015 23:39:42 GMT',
40 verbose headers   server: 'CouchDB/1.5.0 (Erlang OTP/R16B03)',
40 verbose headers   'content-type': 'application/json',
40 verbose headers   'cache-control': 'max-age=60',
40 verbose headers   'content-length': '2388',
40 verbose headers   'accept-ranges': 'bytes',
40 verbose headers   via: '1.1 varnish',
40 verbose headers   'x-served-by': 'cache-ord1733-ORD',
40 verbose headers   'x-cache': 'MISS',
40 verbose headers   'x-cache-hits': '0',
40 verbose headers   'x-timer': 'S1423265971.946913,VS0,VE10720',
40 verbose headers   'keep-alive': 'timeout=10, max=50',
40 verbose headers   connection: 'Keep-Alive' }
41 error publish Failed PUT 403
42 error Error: forbidden cannot modify pre-existing version: 1.0.0
42 error old={"name":"craft-flower","version":"1.0.0","description":"Flower","main":"index.js","scripts":{"test":"echo \"Error: no test specified\" && exit 1"},"repository":{"type":"git","url":"https://github.com/dria7226/craft-flower"},"keywords":["flower"],"author":{"name":"Dragos Iarovoi"},"license":"ISC","bugs":{"url":"https://github.com/dria7226/craft-flower/issues"},"homepage":"https://github.com/dria7226/craft-flower","gitHead":"aa50fa6a36e2b6dd937dd93b91df817b03304898","_id":"craft-flower@1.0.0","_shasum":"62e667d8ef49dec5f7190219e914235ff5053308","_from":".","_npmVersion":"1.4.28","_npmUser":{"name":"dria7226","email":"dria7226@colorado.edu"},"maintainers":[{"name":"dria7226","email":"dria7226@colorado.edu"}],"dist":{"shasum":"62e667d8ef49dec5f7190219e914235ff5053308","tarball":"http://registry.npmjs.org/craft-flower/-/craft-flower-1.0.0.tgz"}}
42 error new={"name":"craft-flower","version":"1.0.0","description":"Flower","main":"index.js","scripts":{"test":"echo \"Error: no test specified\" && exit 1"},"repository":{"type":"git","url":"https://github.com/dria7226/craft-flower"},"keywords":["flower"],"author":{"name":"Dragos Iarovoi"},"license":"ISC","bugs":{"url":"https://github.com/dria7226/craft-flower/issues"},"homepage":"https://github.com/dria7226/craft-flower","readme":"# craft-flower\u000aFlower.\u000a\u000a#Install\u000a'$ npm install craft-flower'\u000a\u000a#Example\u000a'''html\u000a<craft>\u000a\u0009<craft name=\"flower\" module=\"craft-flower\">\u000a\u0009<flower numberOfPetals=\"15\"></flower>\u000a</craft>\u000a'''\u000a\u000a![example]example.png\u000a","readmeFilename":"README.md","gitHead":"16e617f33d01028458ef999eee1fa7755ca7955f","_id":"craft-flower@1.0.0","_shasum":"ae47624f456d1a12de13a9a982faf5fee6315080","_from":".","_npmVersion":"1.4.28","_npmUser":{"name":"dria7226","email":"dria7226@colorado.edu"},"maintainers":[{"name":"dria7226","email":"dria7226@colorado.edu"}],"dist":{"shasum":"ae47624f456d1a12de13a9a982faf5fee6315080","tarball":"http://registry.npmjs.org/craft-flower/-/craft-flower-1.0.0.tgz"}}: craft-flower
42 error     at RegClient.<anonymous> (C:\Program Files\nodejs\node_modules\npm\node_modules\npm-registry-client\lib\request.js:308:14)
42 error     at Request._callback (C:\Program Files\nodejs\node_modules\npm\node_modules\npm-registry-client\lib\request.js:246:65)
42 error     at Request.self.callback (C:\Program Files\nodejs\node_modules\npm\node_modules\request\request.js:236:22)
42 error     at Request.emit (events.js:98:17)
42 error     at Request.<anonymous> (C:\Program Files\nodejs\node_modules\npm\node_modules\request\request.js:1142:14)
42 error     at Request.emit (events.js:117:20)
42 error     at IncomingMessage.<anonymous> (C:\Program Files\nodejs\node_modules\npm\node_modules\request\request.js:1096:12)
42 error     at IncomingMessage.emit (events.js:117:20)
42 error     at _stream_readable.js:943:16
42 error     at process._tickCallback (node.js:419:13)
43 error If you need help, you may report this *entire* log,
43 error including the npm and node versions, at:
43 error     <http://github.com/npm/npm/issues>
44 error System Windows_NT 6.2.9200
45 error command "C:\\Program Files\\nodejs\\\\node.exe" "C:\\Program Files\\nodejs\\node_modules\\npm\\bin\\npm-cli.js" "publish"
46 error cwd C:\Users\Dragosh\modelsml\craft-flower
47 error node -v v0.10.33
48 error npm -v 1.4.28
49 verbose exit [ 1, true ]
